<?xml version="1.0" encoding="UTF-8"?>
<testng-results ignored="0" total="2" passed="2" failed="0" skipped="0">
  <reporter-output>
  </reporter-output>
  <suite started-at="2026-04-22T23:43:26 MST" name="Cucumber Suite" finished-at="2026-04-22T23:43:36 MST" duration-ms="10292">
    <groups>
      <group name="cucumber">
        <method signature="AbstractTestNGCucumberTests.runScenario(io.cucumber.testng.PickleWrapper,io.cucumber.testng.FeatureWrapper)[pri:0, instance:runners.CucumberTestRunner@1189dd52]" name="runScenario" class="io.cucumber.testng.AbstractTestNGCucumberTests"/>
      </group> <!-- cucumber -->
    </groups>
    <test started-at="2026-04-22T23:43:26 MST" name="BDD Tests" finished-at="2026-04-22T23:43:36 MST" duration-ms="10292">
      <class name="runners.CucumberTestRunner">
        <test-method is-config="true" signature="setUpClass(org.testng.ITestContext)[pri:0, instance:runners.CucumberTestRunner@1189dd52]" started-at="2026-04-22T23:43:26 MST" name="setUpClass" finished-at="2026-04-22T23:43:26 MST" duration-ms="142" status="PASS">
          <params>
            <param index="0">
              <value>
                <![CDATA[org.testng.TestRunner@334ebcaa]]>
              </value>
            </param>
          </params>
          <reporter-output>
          </reporter-output>
        </test-method> <!-- setUpClass -->
        <test-method signature="runScenario(io.cucumber.testng.PickleWrapper,io.cucumber.testng.FeatureWrapper)[pri:0, instance:runners.CucumberTestRunner@1189dd52]" started-at="2026-04-22T23:43:26 MST" name="runScenario" description="Runs Cucumber Scenarios" data-provider="scenarios" finished-at="2026-04-22T23:43:35 MST" duration-ms="8484" status="PASS">
          <params>
            <param index="0">
              <value>
                <![CDATA["Verify Login with Valid Credentials"]]>
              </value>
            </param>
            <param index="1">
              <value>
                <![CDATA["Login Functionality"]]>
              </value>
            </param>
          </params>
          <reporter-output>
          </reporter-output>
        </test-method> <!-- runScenario -->
        <test-method signature="runScenario(io.cucumber.testng.PickleWrapper,io.cucumber.testng.FeatureWrapper)[pri:0, instance:runners.CucumberTestRunner@1189dd52]" started-at="2026-04-22T23:43:35 MST" name="runScenario" description="Runs Cucumber Scenarios" data-provider="scenarios" finished-at="2026-04-22T23:43:36 MST" duration-ms="1642" status="PASS">
          <params>
            <param index="0">
              <value>
                <![CDATA["Verify Login with Valid Credentials"]]>
              </value>
            </param>
            <param index="1">
              <value>
                <![CDATA["Login Functionality"]]>
              </value>
            </param>
          </params>
          <reporter-output>
          </reporter-output>
        </test-method> <!-- runScenario -->
        <test-method is-config="true" signature="tearDownClass()[pri:0, instance:runners.CucumberTestRunner@1189dd52]" started-at="2026-04-22T23:43:36 MST" name="tearDownClass" finished-at="2026-04-22T23:43:36 MST" duration-ms="16" status="PASS">
          <reporter-output>
          </reporter-output>
        </test-method> <!-- tearDownClass -->
      </class> <!-- runners.CucumberTestRunner -->
    </test> <!-- BDD Tests -->
  </suite> <!-- Cucumber Suite -->
</testng-results>
