<?xml version="1.0" encoding="UTF-8"?>
<testsuite xmlns:xsi="http://www.w3.org/2001/XMLSchema-instance" xsi:noNamespaceSchemaLocation="https://maven.apache.org/surefire/maven-surefire-plugin/xsd/surefire-test-report.xsd" version="3.0.2" name="TestSuite" time="10.403" tests="2" errors="0" skipped="0" failures="0" flakes="0">
  <properties>
[...]
</properties>
  <testcase name="runScenario[&quot;Verify Login with Valid Credentials&quot;, &quot;Login Functionality&quot;](1)" classname="runners.CucumberTestRunner" time="8.484">
    <system-out><![CDATA[
@smaoke @regression
Scenario Outline: Verify Login with Valid Credentials                         # src/test/resources/features/login.feature:11
  Given user is on login page                                                 # stepdefinitions.LoginSteps.user_is_on_login_page()
  When user logs in with username "ineuron@ineuron.ai" and password "ineuron" # stepdefinitions.LoginSteps.user_logs_in_with_username_and_password(java.lang.String,java.lang.String)
  Then user should see the home page                                          # stepdefinitions.LoginSteps.user_should_see_the_home_page()
]]></system-out>
    <system-err><![CDATA[SLF4J(W): No SLF4J providers were found.
SLF4J(W): Defaulting to no-operation (NOP) logger implementation
SLF4J(W): See https://www.slf4j.org/codes.html#noProviders for further details.
Apr 22, 2026 11:43:33 PM org.openqa.selenium.devtools.CdpVersionFinder findNearestMatch
WARNING: Unable to find an exact match for CDP version 147, returning the closest version; found: 145; Please update to a Selenium version that supports CDP version 147
]]></system-err>
  </testcase>
  <testcase name="runScenario[&quot;Verify Login with Valid Credentials&quot;, &quot;Login Functionality&quot;](2)" classname="runners.CucumberTestRunner" time="1.641">
    <system-out><![CDATA[
@smaoke @regression
Scenario Outline: Verify Login with Valid Credentials                        # src/test/resources/features/login.feature:12
  Given user is on login page                                                # stepdefinitions.LoginSteps.user_is_on_login_page()
  When user logs in with username "admin@ineuron.ai" and password "admin123" # stepdefinitions.LoginSteps.user_logs_in_with_username_and_password(java.lang.String,java.lang.String)
  Then user should see the home page                                         # stepdefinitions.LoginSteps.user_should_see_the_home_page()
]]></system-out>
    <system-err><![CDATA[Apr 22, 2026 11:43:35 PM org.openqa.selenium.devtools.CdpVersionFinder findNearestMatch
WARNING: Unable to find an exact match for CDP version 147, returning the closest version; found: 145; Please update to a Selenium version that supports CDP version 147
]]></system-err>
  </testcase>
</testsuite>