<?xml version="1.0" encoding="UTF-8"?>
<testng-results ignored="0" total="2" passed="2" failed="0" skipped="0">
  <reporter-output>
  </reporter-output>
  <suite started-at="2026-03-13T17:39:39 MST" name="Suite" finished-at="2026-03-13T17:39:46 MST" duration-ms="6847">
    <groups>
    </groups>
    <test started-at="2026-03-13T17:39:39 MST" name="Test" finished-at="2026-03-13T17:39:46 MST" duration-ms="6847">
      <class name="testcases.LoginTest">
        <test-method is-config="true" signature="setupBrowser()[pri:0, instance:testcases.LoginTest@550dbc7a]" started-at="2026-03-13T17:39:39 MST" name="setupBrowser" finished-at="2026-03-13T17:39:43 MST" duration-ms="3873" status="PASS">
          <reporter-output>
          </reporter-output>
        </test-method> <!-- setupBrowser -->
        <test-method signature="loginToApplication(java.lang.String,java.lang.String)[pri:0, instance:testcases.LoginTest@550dbc7a]" started-at="2026-03-13T17:39:43 MST" name="loginToApplication" data-provider="loginDetails" finished-at="2026-03-13T17:39:43 MST" duration-ms="380" status="PASS">
          <params>
            <param index="0">
              <value>
                <![CDATA[ineuron@ineuron.ai]]>
              </value>
            </param>
            <param index="1">
              <value>
                <![CDATA[ineuron]]>
              </value>
            </param>
          </params>
          <reporter-output>
          </reporter-output>
        </test-method> <!-- loginToApplication -->
        <test-method is-config="true" signature="closeBrowser()[pri:0, instance:testcases.LoginTest@550dbc7a]" started-at="2026-03-13T17:39:44 MST" name="closeBrowser" finished-at="2026-03-13T17:39:44 MST" duration-ms="94" status="PASS">
          <reporter-output>
          </reporter-output>
        </test-method> <!-- closeBrowser -->
        <test-method is-config="true" signature="setupBrowser()[pri:0, instance:testcases.LoginTest@550dbc7a]" started-at="2026-03-13T17:39:44 MST" name="setupBrowser" finished-at="2026-03-13T17:39:45 MST" duration-ms="1804" status="PASS">
          <reporter-output>
          </reporter-output>
        </test-method> <!-- setupBrowser -->
        <test-method signature="loginToApplication(java.lang.String,java.lang.String)[pri:0, instance:testcases.LoginTest@550dbc7a]" started-at="2026-03-13T17:39:45 MST" name="loginToApplication" data-provider="loginDetails" finished-at="2026-03-13T17:39:46 MST" duration-ms="135" status="PASS">
          <params>
            <param index="0">
              <value>
                <![CDATA[admin@ineuron.ai]]>
              </value>
            </param>
            <param index="1">
              <value>
                <![CDATA[admin123]]>
              </value>
            </param>
          </params>
          <reporter-output>
          </reporter-output>
        </test-method> <!-- loginToApplication -->
        <test-method is-config="true" signature="closeBrowser()[pri:0, instance:testcases.LoginTest@550dbc7a]" started-at="2026-03-13T17:39:46 MST" name="closeBrowser" finished-at="2026-03-13T17:39:46 MST" duration-ms="83" status="PASS">
          <reporter-output>
          </reporter-output>
        </test-method> <!-- closeBrowser -->
      </class> <!-- testcases.LoginTest -->
    </test> <!-- Test -->
  </suite> <!-- Suite -->
</testng-results>
