<?xml version="1.0" encoding="UTF-8"?>
<testsuite xmlns:xsi="http://www.w3.org/2001/XMLSchema-instance" xsi:noNamespaceSchemaLocation="https://maven.apache.org/surefire/maven-surefire-plugin/xsd/surefire-test-report.xsd" version="3.0.2" name="TestSuite" time="7.197" tests="2" errors="0" skipped="0" failures="0" flakes="0">
  <properties>
[...]
</properties>
  <testcase name="loginToApplication[ineuron@ineuron.ai, ineuron](1)" classname="testcases.LoginTest" time="0.445">
    <system-out><![CDATA[***************** Loading Data from Excel *************************
2026-03-14T00:39:39.457240Z main ERROR Log4j API could not find a logging provider.
LOG:INFO -- Application is up and running
]]></system-out>
    <system-err><![CDATA[SLF4J(W): No SLF4J providers were found.
SLF4J(W): Defaulting to no-operation (NOP) logger implementation
SLF4J(W): See https://www.slf4j.org/codes.html#noProviders for further details.
]]></system-err>
  </testcase>
  <testcase name="loginToApplication[admin@ineuron.ai, admin123](2)" classname="testcases.LoginTest" time="0.212">
    <system-out><![CDATA[LOG:INFO -- Closing the browser and Application
LOG:INFO -- Application is up and running
]]></system-out>
  </testcase>
</testsuite>